{"D:\\voatmean\\backend\\src\\controllers\\score.controller.js": {"path":"D:\\voatmean\\backend\\src\\controllers\\score.controller.js","statementMap":{"0":{"start":{"line":1,"column":18},"end":{"line":1,"column":41}},"1":{"start":{"line":2,"column":21},"end":{"line":2,"column":47}},"2":{"start":{"line":9,"column":27},"end":{"line":42,"column":1}},"3":{"start":{"line":10,"column":2},"end":{"line":41,"column":3}},"4":{"start":{"line":11,"column":82},"end":{"line":11,"column":90}},"5":{"start":{"line":12,"column":23},"end":{"line":12,"column":36}},"6":{"start":{"line":14,"column":4},"end":{"line":16,"column":5}},"7":{"start":{"line":15,"column":6},"end":{"line":15,"column":72}},"8":{"start":{"line":18,"column":21},"end":{"line":29,"column":5}},"9":{"start":{"line":31,"column":4},"end":{"line":36,"column":23}},"10":{"start":{"line":38,"column":4},"end":{"line":38,"column":22}},"11":{"start":{"line":40,"column":4},"end":{"line":40,"column":14}},"12":{"start":{"line":48,"column":25},"end":{"line":125,"column":1}},"13":{"start":{"line":49,"column":2},"end":{"line":124,"column":3}},"14":{"start":{"line":50,"column":42},"end":{"line":50,"column":52}},"15":{"start":{"line":51,"column":23},"end":{"line":51,"column":36}},"16":{"start":{"line":54,"column":34},"end":{"line":61,"column":5}},"17":{"start":{"line":63,"column":4},"end":{"line":65,"column":5}},"18":{"start":{"line":64,"column":6},"end":{"line":64,"column":72}},"19":{"start":{"line":66,"column":20},"end":{"line":66,"column":34}},"20":{"start":{"line":72,"column":21},"end":{"line":103,"column":5}},"21":{"start":{"line":105,"column":20},"end":{"line":119,"column":6}},"22":{"start":{"line":106,"column":23},"end":{"line":106,"column":46}},"23":{"start":{"line":107,"column":26},"end":{"line":107,"column":63}},"24":{"start":{"line":109,"column":27},"end":{"line":110,"column":71}},"25":{"start":{"line":112,"column":6},"end":{"line":118,"column":8}},"26":{"start":{"line":121,"column":4},"end":{"line":121,"column":22}},"27":{"start":{"line":123,"column":4},"end":{"line":123,"column":14}},"28":{"start":{"line":127,"column":0},"end":{"line":130,"column":2}}},"fnMap":{"0":{"name":"(anonymous_0)","decl":{"start":{"line":9,"column":27},"end":{"line":9,"column":28}},"loc":{"start":{"line":9,"column":53},"end":{"line":42,"column":1}},"line":9},"1":{"name":"(anonymous_1)","decl":{"start":{"line":36,"column":13},"end":{"line":36,"column":14}},"loc":{"start":{"line":36,"column":19},"end":{"line":36,"column":21}},"line":36},"2":{"name":"(anonymous_2)","decl":{"start":{"line":48,"column":25},"end":{"line":48,"column":26}},"loc":{"start":{"line":48,"column":51},"end":{"line":125,"column":1}},"line":48},"3":{"name":"(anonymous_3)","decl":{"start":{"line":105,"column":29},"end":{"line":105,"column":30}},"loc":{"start":{"line":105,"column":34},"end":{"line":119,"column":5}},"line":105}},"branchMap":{"0":{"loc":{"start":{"line":14,"column":4},"end":{"line":16,"column":5}},"type":"if","locations":[{"start":{"line":14,"column":4},"end":{"line":16,"column":5}},{"start":{},"end":{}}],"line":14},"1":{"loc":{"start":{"line":14,"column":8},"end":{"line":14,"column":88}},"type":"binary-expr","locations":[{"start":{"line":14,"column":8},"end":{"line":14,"column":19}},{"start":{"line":14,"column":23},"end":{"line":14,"column":34}},{"start":{"line":14,"column":38},"end":{"line":14,"column":47}},{"start":{"line":14,"column":51},"end":{"line":14,"column":57}},{"start":{"line":14,"column":61},"end":{"line":14,"column":88}}],"line":14},"2":{"loc":{"start":{"line":28,"column":68},"end":{"line":28,"column":87}},"type":"binary-expr","locations":[{"start":{"line":28,"column":68},"end":{"line":28,"column":77}},{"start":{"line":28,"column":81},"end":{"line":28,"column":87}}],"line":28},"3":{"loc":{"start":{"line":63,"column":4},"end":{"line":65,"column":5}},"type":"if","locations":[{"start":{"line":63,"column":4},"end":{"line":65,"column":5}},{"start":{},"end":{}}],"line":63}},"s":{"0":1,"1":1,"2":1,"3":0,"4":0,"5":0,"6":0,"7":0,"8":0,"9":0,"10":0,"11":0,"12":1,"13":1,"14":1,"15":1,"16":1,"17":1,"18":0,"19":1,"20":1,"21":1,"22":1,"23":1,"24":1,"25":1,"26":1,"27":0,"28":1},"f":{"0":0,"1":0,"2":1,"3":1},"b":{"0":[0,0],"1":[0,0,0,0,0],"2":[0,0],"3":[0,1]},"_coverageSchema":"1a1c01bbd47fc00a2c39e90264f33305004495a9","hash":"3ad683afd8eb0890de60b655d1bf5bb1957bbfda"}
}
