{"D:\\voatmean\\backend\\src\\controllers\\slotAttendance.controller.js": {"path":"D:\\voatmean\\backend\\src\\controllers\\slotAttendance.controller.js","statementMap":{"0":{"start":{"line":1,"column":29},"end":{"line":1,"column":52}},"1":{"start":{"line":2,"column":21},"end":{"line":2,"column":47}},"2":{"start":{"line":8,"column":22},"end":{"line":25,"column":1}},"3":{"start":{"line":9,"column":2},"end":{"line":24,"column":3}},"4":{"start":{"line":10,"column":23},"end":{"line":10,"column":33}},"5":{"start":{"line":11,"column":21},"end":{"line":20,"column":5}},"6":{"start":{"line":21,"column":4},"end":{"line":21,"column":19}},"7":{"start":{"line":23,"column":4},"end":{"line":23,"column":14}},"8":{"start":{"line":31,"column":26},"end":{"line":47,"column":1}},"9":{"start":{"line":32,"column":2},"end":{"line":46,"column":3}},"10":{"start":{"line":33,"column":29},"end":{"line":33,"column":39}},"11":{"start":{"line":34,"column":21},"end":{"line":42,"column":5}},"12":{"start":{"line":43,"column":4},"end":{"line":43,"column":19}},"13":{"start":{"line":45,"column":4},"end":{"line":45,"column":14}},"14":{"start":{"line":54,"column":27},"end":{"line":110,"column":1}},"15":{"start":{"line":55,"column":17},"end":{"line":55,"column":34}},"16":{"start":{"line":56,"column":2},"end":{"line":109,"column":3}},"17":{"start":{"line":57,"column":29},"end":{"line":57,"column":39}},"18":{"start":{"line":58,"column":24},"end":{"line":58,"column":32}},"19":{"start":{"line":60,"column":4},"end":{"line":62,"column":5}},"20":{"start":{"line":61,"column":6},"end":{"line":61,"column":76}},"21":{"start":{"line":64,"column":4},"end":{"line":64,"column":32}},"22":{"start":{"line":65,"column":18},"end":{"line":65,"column":20}},"23":{"start":{"line":67,"column":4},"end":{"line":91,"column":5}},"24":{"start":{"line":68,"column":23},"end":{"line":89,"column":7}},"25":{"start":{"line":90,"column":6},"end":{"line":90,"column":26}},"26":{"start":{"line":93,"column":4},"end":{"line":93,"column":33}},"27":{"start":{"line":96,"column":4},"end":{"line":101,"column":23}},"28":{"start":{"line":103,"column":4},"end":{"line":103,"column":96}},"29":{"start":{"line":105,"column":4},"end":{"line":105,"column":35}},"30":{"start":{"line":106,"column":4},"end":{"line":106,"column":14}},"31":{"start":{"line":108,"column":4},"end":{"line":108,"column":21}},"32":{"start":{"line":112,"column":0},"end":{"line":116,"column":2}}},"fnMap":{"0":{"name":"(anonymous_0)","decl":{"start":{"line":8,"column":22},"end":{"line":8,"column":23}},"loc":{"start":{"line":8,"column":48},"end":{"line":25,"column":1}},"line":8},"1":{"name":"(anonymous_1)","decl":{"start":{"line":31,"column":26},"end":{"line":31,"column":27}},"loc":{"start":{"line":31,"column":52},"end":{"line":47,"column":1}},"line":31},"2":{"name":"(anonymous_2)","decl":{"start":{"line":54,"column":27},"end":{"line":54,"column":28}},"loc":{"start":{"line":54,"column":53},"end":{"line":110,"column":1}},"line":54},"3":{"name":"(anonymous_3)","decl":{"start":{"line":101,"column":13},"end":{"line":101,"column":14}},"loc":{"start":{"line":101,"column":19},"end":{"line":101,"column":21}},"line":101}},"branchMap":{"0":{"loc":{"start":{"line":60,"column":4},"end":{"line":62,"column":5}},"type":"if","locations":[{"start":{"line":60,"column":4},"end":{"line":62,"column":5}},{"start":{},"end":{}}],"line":60},"1":{"loc":{"start":{"line":60,"column":8},"end":{"line":60,"column":55}},"type":"binary-expr","locations":[{"start":{"line":60,"column":8},"end":{"line":60,"column":31}},{"start":{"line":60,"column":35},"end":{"line":60,"column":55}}],"line":60},"2":{"loc":{"start":{"line":85,"column":10},"end":{"line":85,"column":28}},"type":"binary-expr","locations":[{"start":{"line":85,"column":10},"end":{"line":85,"column":20}},{"start":{"line":85,"column":24},"end":{"line":85,"column":28}}],"line":85},"3":{"loc":{"start":{"line":87,"column":10},"end":{"line":87,"column":72}},"type":"binary-expr","locations":[{"start":{"line":87,"column":10},"end":{"line":87,"column":35}},{"start":{"line":87,"column":39},"end":{"line":87,"column":72}}],"line":87}},"s":{"0":1,"1":1,"2":1,"3":1,"4":1,"5":1,"6":1,"7":0,"8":1,"9":0,"10":0,"11":0,"12":0,"13":0,"14":1,"15":2,"16":2,"17":2,"18":2,"19":2,"20":0,"21":2,"22":2,"23":2,"24":3,"25":2,"26":1,"27":1,"28":1,"29":1,"30":1,"31":2,"32":1},"f":{"0":1,"1":0,"2":2,"3":0},"b":{"0":[0,2],"1":[2,2],"2":[3,2],"3":[3,3]},"_coverageSchema":"1a1c01bbd47fc00a2c39e90264f33305004495a9","hash":"b9603d7a8ca3738497c573577e07b2b152d3b5e0"}
,"D:\\voatmean\\backend\\src\\controllers\\timetable.controller.js": {"path":"D:\\voatmean\\backend\\src\\controllers\\timetable.controller.js","statementMap":{"0":{"start":{"line":1,"column":18},"end":{"line":1,"column":41}},"1":{"start":{"line":2,"column":21},"end":{"line":2,"column":47}},"2":{"start":{"line":9,"column":32},"end":{"line":14,"column":1}},"3":{"start":{"line":16,"column":27},"end":{"line":18,"column":57}},"4":{"start":{"line":17,"column":2},"end":{"line":18,"column":57}},"5":{"start":{"line":20,"column":20},"end":{"line":29,"column":1}},"6":{"start":{"line":33,"column":26},"end":{"line":65,"column":1}},"7":{"start":{"line":34,"column":2},"end":{"line":64,"column":3}},"8":{"start":{"line":35,"column":57},"end":{"line":35,"column":66}},"9":{"start":{"line":36,"column":23},"end":{"line":36,"column":25}},"10":{"start":{"line":37,"column":19},"end":{"line":37,"column":21}},"11":{"start":{"line":39,"column":4},"end":{"line":42,"column":5}},"12":{"start":{"line":40,"column":6},"end":{"line":40,"column":27}},"13":{"start":{"line":41,"column":6},"end":{"line":41,"column":57}},"14":{"start":{"line":43,"column":4},"end":{"line":46,"column":5}},"15":{"start":{"line":44,"column":6},"end":{"line":44,"column":29}},"16":{"start":{"line":45,"column":6},"end":{"line":45,"column":59}},"17":{"start":{"line":47,"column":4},"end":{"line":50,"column":5}},"18":{"start":{"line":48,"column":6},"end":{"line":48,"column":29}},"19":{"start":{"line":49,"column":6},"end":{"line":49,"column":59}},"20":{"start":{"line":51,"column":4},"end":{"line":54,"column":5}},"21":{"start":{"line":52,"column":6},"end":{"line":52,"column":29}},"22":{"start":{"line":53,"column":6},"end":{"line":53,"column":60}},"23":{"start":{"line":56,"column":18},"end":{"line":56,"column":78}},"24":{"start":{"line":57,"column":21},"end":{"line":60,"column":5}},"25":{"start":{"line":61,"column":4},"end":{"line":61,"column":19}},"26":{"start":{"line":63,"column":4},"end":{"line":63,"column":14}},"27":{"start":{"line":70,"column":19},"end":{"line":80,"column":1}},"28":{"start":{"line":71,"column":2},"end":{"line":79,"column":3}},"29":{"start":{"line":72,"column":21},"end":{"line":75,"column":5}},"30":{"start":{"line":76,"column":4},"end":{"line":76,"column":19}},"31":{"start":{"line":78,"column":4},"end":{"line":78,"column":14}},"32":{"start":{"line":83,"column":25},"end":{"line":93,"column":1}},"33":{"start":{"line":84,"column":2},"end":{"line":92,"column":3}},"34":{"start":{"line":85,"column":21},"end":{"line":87,"column":6}},"35":{"start":{"line":88,"column":4},"end":{"line":88,"column":79}},"36":{"start":{"line":88,"column":22},"end":{"line":88,"column":79}},"37":{"start":{"line":89,"column":4},"end":{"line":89,"column":22}},"38":{"start":{"line":91,"column":4},"end":{"line":91,"column":14}},"39":{"start":{"line":97,"column":28},"end":{"line":151,"column":1}},"40":{"start":{"line":98,"column":2},"end":{"line":150,"column":3}},"41":{"start":{"line":100,"column":6},"end":{"line":100,"column":14}},"42":{"start":{"line":102,"column":4},"end":{"line":107,"column":5}},"43":{"start":{"line":103,"column":6},"end":{"line":106,"column":9}},"44":{"start":{"line":108,"column":4},"end":{"line":112,"column":5}},"45":{"start":{"line":109,"column":6},"end":{"line":111,"column":76}},"46":{"start":{"line":113,"column":4},"end":{"line":115,"column":5}},"47":{"start":{"line":114,"column":6},"end":{"line":114,"column":78}},"48":{"start":{"line":117,"column":21},"end":{"line":122,"column":5}},"49":{"start":{"line":124,"column":27},"end":{"line":126,"column":6}},"50":{"start":{"line":128,"column":4},"end":{"line":137,"column":23}},"51":{"start":{"line":139,"column":4},"end":{"line":139,"column":34}},"52":{"start":{"line":141,"column":4},"end":{"line":143,"column":5}},"53":{"start":{"line":142,"column":6},"end":{"line":142,"column":70}},"54":{"start":{"line":144,"column":4},"end":{"line":148,"column":5}},"55":{"start":{"line":145,"column":6},"end":{"line":147,"column":88}},"56":{"start":{"line":149,"column":4},"end":{"line":149,"column":14}},"57":{"start":{"line":154,"column":28},"end":{"line":213,"column":1}},"58":{"start":{"line":155,"column":2},"end":{"line":212,"column":3}},"59":{"start":{"line":156,"column":23},"end":{"line":156,"column":33}},"60":{"start":{"line":158,"column":6},"end":{"line":158,"column":14}},"61":{"start":{"line":160,"column":4},"end":{"line":164,"column":5}},"62":{"start":{"line":161,"column":6},"end":{"line":163,"column":76}},"63":{"start":{"line":165,"column":4},"end":{"line":167,"column":5}},"64":{"start":{"line":166,"column":6},"end":{"line":166,"column":78}},"65":{"start":{"line":169,"column":21},"end":{"line":188,"column":5}},"66":{"start":{"line":189,"column":4},"end":{"line":189,"column":79}},"67":{"start":{"line":189,"column":22},"end":{"line":189,"column":79}},"68":{"start":{"line":191,"column":27},"end":{"line":193,"column":6}},"69":{"start":{"line":195,"column":4},"end":{"line":199,"column":23}},"70":{"start":{"line":201,"column":4},"end":{"line":201,"column":22}},"71":{"start":{"line":203,"column":4},"end":{"line":205,"column":5}},"72":{"start":{"line":204,"column":6},"end":{"line":204,"column":70}},"73":{"start":{"line":206,"column":4},"end":{"line":210,"column":5}},"74":{"start":{"line":207,"column":6},"end":{"line":209,"column":88}},"75":{"start":{"line":211,"column":4},"end":{"line":211,"column":14}},"76":{"start":{"line":216,"column":28},"end":{"line":234,"column":1}},"77":{"start":{"line":217,"column":2},"end":{"line":233,"column":3}},"78":{"start":{"line":218,"column":21},"end":{"line":221,"column":5}},"79":{"start":{"line":222,"column":4},"end":{"line":222,"column":79}},"80":{"start":{"line":222,"column":22},"end":{"line":222,"column":79}},"81":{"start":{"line":224,"column":4},"end":{"line":228,"column":23}},"82":{"start":{"line":230,"column":4},"end":{"line":230,"column":32}},"83":{"start":{"line":232,"column":4},"end":{"line":232,"column":14}},"84":{"start":{"line":236,"column":0},"end":{"line":243,"column":2}}},"fnMap":{"0":{"name":"(anonymous_0)","decl":{"start":{"line":16,"column":27},"end":{"line":16,"column":28}},"loc":{"start":{"line":17,"column":2},"end":{"line":18,"column":57}},"line":17},"1":{"name":"(anonymous_1)","decl":{"start":{"line":33,"column":26},"end":{"line":33,"column":27}},"loc":{"start":{"line":33,"column":52},"end":{"line":65,"column":1}},"line":33},"2":{"name":"(anonymous_2)","decl":{"start":{"line":70,"column":19},"end":{"line":70,"column":20}},"loc":{"start":{"line":70,"column":45},"end":{"line":80,"column":1}},"line":70},"3":{"name":"(anonymous_3)","decl":{"start":{"line":83,"column":25},"end":{"line":83,"column":26}},"loc":{"start":{"line":83,"column":51},"end":{"line":93,"column":1}},"line":83},"4":{"name":"(anonymous_4)","decl":{"start":{"line":97,"column":28},"end":{"line":97,"column":29}},"loc":{"start":{"line":97,"column":54},"end":{"line":151,"column":1}},"line":97},"5":{"name":"(anonymous_5)","decl":{"start":{"line":137,"column":13},"end":{"line":137,"column":14}},"loc":{"start":{"line":137,"column":19},"end":{"line":137,"column":21}},"line":137},"6":{"name":"(anonymous_6)","decl":{"start":{"line":154,"column":28},"end":{"line":154,"column":29}},"loc":{"start":{"line":154,"column":54},"end":{"line":213,"column":1}},"line":154},"7":{"name":"(anonymous_7)","decl":{"start":{"line":199,"column":13},"end":{"line":199,"column":14}},"loc":{"start":{"line":199,"column":19},"end":{"line":199,"column":21}},"line":199},"8":{"name":"(anonymous_8)","decl":{"start":{"line":216,"column":28},"end":{"line":216,"column":29}},"loc":{"start":{"line":216,"column":54},"end":{"line":234,"column":1}},"line":216},"9":{"name":"(anonymous_9)","decl":{"start":{"line":228,"column":13},"end":{"line":228,"column":14}},"loc":{"start":{"line":228,"column":19},"end":{"line":228,"column":21}},"line":228}},"branchMap":{"0":{"loc":{"start":{"line":17,"column":2},"end":{"line":18,"column":57}},"type":"binary-expr","locations":[{"start":{"line":17,"column":2},"end":{"line":17,"column":41}},{"start":{"line":18,"column":2},"end":{"line":18,"column":57}}],"line":17},"1":{"loc":{"start":{"line":39,"column":4},"end":{"line":42,"column":5}},"type":"if","locations":[{"start":{"line":39,"column":4},"end":{"line":42,"column":5}},{"start":{},"end":{}}],"line":39},"2":{"loc":{"start":{"line":43,"column":4},"end":{"line":46,"column":5}},"type":"if","locations":[{"start":{"line":43,"column":4},"end":{"line":46,"column":5}},{"start":{},"end":{}}],"line":43},"3":{"loc":{"start":{"line":47,"column":4},"end":{"line":50,"column":5}},"type":"if","locations":[{"start":{"line":47,"column":4},"end":{"line":50,"column":5}},{"start":{},"end":{}}],"line":47},"4":{"loc":{"start":{"line":51,"column":4},"end":{"line":54,"column":5}},"type":"if","locations":[{"start":{"line":51,"column":4},"end":{"line":54,"column":5}},{"start":{},"end":{}}],"line":51},"5":{"loc":{"start":{"line":56,"column":18},"end":{"line":56,"column":78}},"type":"cond-expr","locations":[{"start":{"line":56,"column":38},"end":{"line":56,"column":73}},{"start":{"line":56,"column":76},"end":{"line":56,"column":78}}],"line":56},"6":{"loc":{"start":{"line":88,"column":4},"end":{"line":88,"column":79}},"type":"if","locations":[{"start":{"line":88,"column":4},"end":{"line":88,"column":79}},{"start":{},"end":{}}],"line":88},"7":{"loc":{"start":{"line":102,"column":4},"end":{"line":107,"column":5}},"type":"if","locations":[{"start":{"line":102,"column":4},"end":{"line":107,"column":5}},{"start":{},"end":{}}],"line":102},"8":{"loc":{"start":{"line":102,"column":8},"end":{"line":102,"column":74}},"type":"binary-expr","locations":[{"start":{"line":102,"column":8},"end":{"line":102,"column":17}},{"start":{"line":102,"column":21},"end":{"line":102,"column":32}},{"start":{"line":102,"column":36},"end":{"line":102,"column":47}},{"start":{"line":102,"column":51},"end":{"line":102,"column":63}},{"start":{"line":102,"column":67},"end":{"line":102,"column":74}}],"line":102},"9":{"loc":{"start":{"line":108,"column":4},"end":{"line":112,"column":5}},"type":"if","locations":[{"start":{"line":108,"column":4},"end":{"line":112,"column":5}},{"start":{},"end":{}}],"line":108},"10":{"loc":{"start":{"line":108,"column":8},"end":{"line":108,"column":42}},"type":"binary-expr","locations":[{"start":{"line":108,"column":8},"end":{"line":108,"column":23}},{"start":{"line":108,"column":27},"end":{"line":108,"column":42}}],"line":108},"11":{"loc":{"start":{"line":113,"column":4},"end":{"line":115,"column":5}},"type":"if","locations":[{"start":{"line":113,"column":4},"end":{"line":115,"column":5}},{"start":{},"end":{}}],"line":113},"12":{"loc":{"start":{"line":121,"column":41},"end":{"line":121,"column":56}},"type":"binary-expr","locations":[{"start":{"line":121,"column":41},"end":{"line":121,"column":48}},{"start":{"line":121,"column":52},"end":{"line":121,"column":56}}],"line":121},"13":{"loc":{"start":{"line":141,"column":4},"end":{"line":143,"column":5}},"type":"if","locations":[{"start":{"line":141,"column":4},"end":{"line":143,"column":5}},{"start":{},"end":{}}],"line":141},"14":{"loc":{"start":{"line":144,"column":4},"end":{"line":148,"column":5}},"type":"if","locations":[{"start":{"line":144,"column":4},"end":{"line":148,"column":5}},{"start":{},"end":{}}],"line":144},"15":{"loc":{"start":{"line":160,"column":4},"end":{"line":164,"column":5}},"type":"if","locations":[{"start":{"line":160,"column":4},"end":{"line":164,"column":5}},{"start":{},"end":{}}],"line":160},"16":{"loc":{"start":{"line":160,"column":8},"end":{"line":160,"column":67}},"type":"binary-expr","locations":[{"start":{"line":160,"column":8},"end":{"line":160,"column":27}},{"start":{"line":160,"column":32},"end":{"line":160,"column":47}},{"start":{"line":160,"column":51},"end":{"line":160,"column":66}}],"line":160},"17":{"loc":{"start":{"line":165,"column":4},"end":{"line":167,"column":5}},"type":"if","locations":[{"start":{"line":165,"column":4},"end":{"line":167,"column":5}},{"start":{},"end":{}}],"line":165},"18":{"loc":{"start":{"line":165,"column":8},"end":{"line":165,"column":36}},"type":"binary-expr","locations":[{"start":{"line":165,"column":8},"end":{"line":165,"column":22}},{"start":{"line":165,"column":26},"end":{"line":165,"column":36}}],"line":165},"19":{"loc":{"start":{"line":180,"column":8},"end":{"line":180,"column":24}},"type":"binary-expr","locations":[{"start":{"line":180,"column":8},"end":{"line":180,"column":16}},{"start":{"line":180,"column":20},"end":{"line":180,"column":24}}],"line":180},"20":{"loc":{"start":{"line":181,"column":8},"end":{"line":181,"column":26}},"type":"binary-expr","locations":[{"start":{"line":181,"column":8},"end":{"line":181,"column":18}},{"start":{"line":181,"column":22},"end":{"line":181,"column":26}}],"line":181},"21":{"loc":{"start":{"line":182,"column":8},"end":{"line":182,"column":26}},"type":"binary-expr","locations":[{"start":{"line":182,"column":8},"end":{"line":182,"column":18}},{"start":{"line":182,"column":22},"end":{"line":182,"column":26}}],"line":182},"22":{"loc":{"start":{"line":183,"column":8},"end":{"line":183,"column":23}},"type":"binary-expr","locations":[{"start":{"line":183,"column":8},"end":{"line":183,"column":15}},{"start":{"line":183,"column":19},"end":{"line":183,"column":23}}],"line":183},"23":{"loc":{"start":{"line":184,"column":8},"end":{"line":184,"column":27}},"type":"binary-expr","locations":[{"start":{"line":184,"column":8},"end":{"line":184,"column":19}},{"start":{"line":184,"column":23},"end":{"line":184,"column":27}}],"line":184},"24":{"loc":{"start":{"line":185,"column":8},"end":{"line":185,"column":22}},"type":"binary-expr","locations":[{"start":{"line":185,"column":8},"end":{"line":185,"column":14}},{"start":{"line":185,"column":18},"end":{"line":185,"column":22}}],"line":185},"25":{"loc":{"start":{"line":189,"column":4},"end":{"line":189,"column":79}},"type":"if","locations":[{"start":{"line":189,"column":4},"end":{"line":189,"column":79}},{"start":{},"end":{}}],"line":189},"26":{"loc":{"start":{"line":203,"column":4},"end":{"line":205,"column":5}},"type":"if","locations":[{"start":{"line":203,"column":4},"end":{"line":205,"column":5}},{"start":{},"end":{}}],"line":203},"27":{"loc":{"start":{"line":206,"column":4},"end":{"line":210,"column":5}},"type":"if","locations":[{"start":{"line":206,"column":4},"end":{"line":210,"column":5}},{"start":{},"end":{}}],"line":206},"28":{"loc":{"start":{"line":222,"column":4},"end":{"line":222,"column":79}},"type":"if","locations":[{"start":{"line":222,"column":4},"end":{"line":222,"column":79}},{"start":{},"end":{}}],"line":222}},"s":{"0":1,"1":1,"2":1,"3":1,"4":1,"5":1,"6":1,"7":1,"8":1,"9":1,"10":1,"11":1,"12":1,"13":1,"14":1,"15":0,"16":0,"17":1,"18":0,"19":0,"20":1,"21":0,"22":0,"23":1,"24":1,"25":1,"26":0,"27":1,"28":0,"29":0,"30":0,"31":0,"32":1,"33":0,"34":0,"35":0,"36":0,"37":0,"38":0,"39":1,"40":2,"41":2,"42":2,"43":0,"44":2,"45":0,"46":2,"47":0,"48":2,"49":1,"50":1,"51":1,"52":1,"53":1,"54":0,"55":0,"56":0,"57":1,"58":0,"59":0,"60":0,"61":0,"62":0,"63":0,"64":0,"65":0,"66":0,"67":0,"68":0,"69":0,"70":0,"71":0,"72":0,"73":0,"74":0,"75":0,"76":1,"77":0,"78":0,"79":0,"80":0,"81":0,"82":0,"83":0,"84":1},"f":{"0":1,"1":1,"2":0,"3":0,"4":2,"5":0,"6":0,"7":0,"8":0,"9":0},"b":{"0":[1,0],"1":[1,0],"2":[0,1],"3":[0,1],"4":[0,1],"5":[1,0],"6":[0,0],"7":[0,2],"8":[2,2,2,2,2],"9":[0,2],"10":[2,2],"11":[0,2],"12":[2,2],"13":[1,0],"14":[0,0],"15":[0,0],"16":[0,0,0],"17":[0,0],"18":[0,0],"19":[0,0],"20":[0,0],"21":[0,0],"22":[0,0],"23":[0,0],"24":[0,0],"25":[0,0],"26":[0,0],"27":[0,0],"28":[0,0]},"_coverageSchema":"1a1c01bbd47fc00a2c39e90264f33305004495a9","hash":"6b42c5aa60608860e3ecb25265f6004c621fb022"}
}
