TN:
SF:src\controllers\slotAttendance.controller.js
FN:8,(anonymous_0)
FN:31,(anonymous_1)
FN:54,(anonymous_2)
FN:101,(anonymous_3)
FNF:4
FNH:2
FNDA:1,(anonymous_0)
FNDA:0,(anonymous_1)
FNDA:2,(anonymous_2)
FNDA:0,(anonymous_3)
DA:1,1
DA:2,1
DA:8,1
DA:9,1
DA:10,1
DA:11,1
DA:21,1
DA:23,0
DA:31,1
DA:32,0
DA:33,0
DA:34,0
DA:43,0
DA:45,0
DA:54,1
DA:55,2
DA:56,2
DA:57,2
DA:58,2
DA:60,2
DA:61,0
DA:64,2
DA:65,2
DA:67,2
DA:68,3
DA:90,2
DA:93,1
DA:96,1
DA:103,1
DA:105,1
DA:106,1
DA:108,2
DA:112,1
LF:33
LH:26
BRDA:60,0,0,0
BRDA:60,0,1,2
BRDA:60,1,0,2
BRDA:60,1,1,2
BRDA:85,2,0,3
BRDA:85,2,1,2
BRDA:87,3,0,3
BRDA:87,3,1,3
BRF:8
BRH:7
end_of_record
TN:
SF:src\controllers\timetable.controller.js
FN:16,(anonymous_0)
FN:33,(anonymous_1)
FN:70,(anonymous_2)
FN:83,(anonymous_3)
FN:97,(anonymous_4)
FN:137,(anonymous_5)
FN:154,(anonymous_6)
FN:199,(anonymous_7)
FN:216,(anonymous_8)
FN:228,(anonymous_9)
FNF:10
FNH:3
FNDA:1,(anonymous_0)
FNDA:1,(anonymous_1)
FNDA:0,(anonymous_2)
FNDA:0,(anonymous_3)
FNDA:2,(anonymous_4)
FNDA:0,(anonymous_5)
FNDA:0,(anonymous_6)
FNDA:0,(anonymous_7)
FNDA:0,(anonymous_8)
FNDA:0,(anonymous_9)
DA:1,1
DA:2,1
DA:9,1
DA:16,1
DA:17,1
DA:20,1
DA:33,1
DA:34,1
DA:35,1
DA:36,1
DA:37,1
DA:39,1
DA:40,1
DA:41,1
DA:43,1
DA:44,0
DA:45,0
DA:47,1
DA:48,0
DA:49,0
DA:51,1
DA:52,0
DA:53,0
DA:56,1
DA:57,1
DA:61,1
DA:63,0
DA:70,1
DA:71,0
DA:72,0
DA:76,0
DA:78,0
DA:83,1
DA:84,0
DA:85,0
DA:88,0
DA:89,0
DA:91,0
DA:97,1
DA:98,2
DA:100,2
DA:102,2
DA:103,0
DA:108,2
DA:109,0
DA:113,2
DA:114,0
DA:117,2
DA:124,1
DA:128,1
DA:139,1
DA:141,1
DA:142,1
DA:144,0
DA:145,0
DA:149,0
DA:154,1
DA:155,0
DA:156,0
DA:158,0
DA:160,0
DA:161,0
DA:165,0
DA:166,0
DA:169,0
DA:189,0
DA:191,0
DA:195,0
DA:201,0
DA:203,0
DA:204,0
DA:206,0
DA:207,0
DA:211,0
DA:216,1
DA:217,0
DA:218,0
DA:222,0
DA:224,0
DA:230,0
DA:232,0
DA:236,1
LF:82
LH:37
BRDA:17,0,0,1
BRDA:17,0,1,0
BRDA:39,1,0,1
BRDA:39,1,1,0
BRDA:43,2,0,0
BRDA:43,2,1,1
BRDA:47,3,0,0
BRDA:47,3,1,1
BRDA:51,4,0,0
BRDA:51,4,1,1
BRDA:56,5,0,1
BRDA:56,5,1,0
BRDA:88,6,0,0
BRDA:88,6,1,0
BRDA:102,7,0,0
BRDA:102,7,1,2
BRDA:102,8,0,2
BRDA:102,8,1,2
BRDA:102,8,2,2
BRDA:102,8,3,2
BRDA:102,8,4,2
BRDA:108,9,0,0
BRDA:108,9,1,2
BRDA:108,10,0,2
BRDA:108,10,1,2
BRDA:113,11,0,0
BRDA:113,11,1,2
BRDA:121,12,0,2
BRDA:121,12,1,2
BRDA:141,13,0,1
BRDA:141,13,1,0
BRDA:144,14,0,0
BRDA:144,14,1,0
BRDA:160,15,0,0
BRDA:160,15,1,0
BRDA:160,16,0,0
BRDA:160,16,1,0
BRDA:160,16,2,0
BRDA:165,17,0,0
BRDA:165,17,1,0
BRDA:165,18,0,0
BRDA:165,18,1,0
BRDA:180,19,0,0
BRDA:180,19,1,0
BRDA:181,20,0,0
BRDA:181,20,1,0
BRDA:182,21,0,0
BRDA:182,21,1,0
BRDA:183,22,0,0
BRDA:183,22,1,0
BRDA:184,23,0,0
BRDA:184,23,1,0
BRDA:185,24,0,0
BRDA:185,24,1,0
BRDA:189,25,0,0
BRDA:189,25,1,0
BRDA:203,26,0,0
BRDA:203,26,1,0
BRDA:206,27,0,0
BRDA:206,27,1,0
BRDA:222,28,0,0
BRDA:222,28,1,0
BRF:62
BRH:19
end_of_record
