TN:
SF:src\controllers\homeroomClass.controller.js
FN:7,(anonymous_0)
FN:15,(anonymous_1)
FN:33,(anonymous_2)
FN:48,(anonymous_3)
FN:75,(anonymous_4)
FN:87,(anonymous_5)
FN:107,(anonymous_6)
FN:116,(anonymous_7)
FN:134,(anonymous_8)
FN:160,(anonymous_9)
FN:174,(anonymous_10)
FNF:11
FNH:4
FNDA:1,(anonymous_0)
FNDA:1,(anonymous_1)
FNDA:0,(anonymous_2)
FNDA:2,(anonymous_3)
FNDA:0,(anonymous_4)
FNDA:0,(anonymous_5)
FNDA:0,(anonymous_6)
FNDA:0,(anonymous_7)
FNDA:2,(anonymous_8)
FNDA:0,(anonymous_9)
FNDA:0,(anonymous_10)
DA:1,1
DA:2,1
DA:7,1
DA:8,1
DA:11,1
DA:15,1
DA:16,1
DA:17,1
DA:26,1
DA:28,0
DA:33,1
DA:34,0
DA:35,0
DA:39,0
DA:40,0
DA:42,0
DA:48,1
DA:49,2
DA:50,2
DA:51,2
DA:52,1
DA:57,1
DA:58,1
DA:59,0
DA:64,1
DA:71,1
DA:77,1
DA:79,0
DA:87,1
DA:88,0
DA:89,0
DA:90,0
DA:92,0
DA:101,0
DA:103,0
DA:109,0
DA:111,0
DA:116,1
DA:117,0
DA:118,0
DA:126,0
DA:128,0
DA:134,1
DA:135,2
DA:136,2
DA:137,2
DA:138,2
DA:140,2
DA:141,0
DA:144,2
DA:145,2
DA:146,3
DA:154,3
DA:155,3
DA:156,3
DA:164,2
DA:169,0
DA:174,1
DA:175,0
DA:176,0
DA:177,0
DA:181,0
DA:182,0
DA:184,0
DA:186,0
DA:190,1
LF:66
LH:37
BRDA:11,0,0,1
BRDA:11,0,1,0
BRDA:39,1,0,0
BRDA:39,1,1,0
BRDA:51,2,0,1
BRDA:51,2,1,1
BRDA:51,3,0,2
BRDA:51,3,1,1
BRDA:57,4,0,1
BRDA:57,4,1,1
BRDA:58,5,0,0
BRDA:58,5,1,1
BRDA:68,6,0,1
BRDA:68,6,1,1
BRDA:99,7,0,0
BRDA:99,7,1,0
BRDA:99,8,0,0
BRDA:99,8,1,0
BRDA:99,9,0,0
BRDA:99,9,1,0
BRDA:101,10,0,0
BRDA:101,10,1,0
BRDA:138,11,0,2
BRDA:138,11,1,1
BRDA:138,12,0,1
BRDA:138,12,1,0
BRDA:140,13,0,0
BRDA:140,13,1,2
BRDA:154,14,0,3
BRDA:154,14,1,0
BRDA:181,15,0,0
BRDA:181,15,1,0
BRF:32
BRH:15
end_of_record
TN:
SF:src\controllers\scoreFormula.controller.js
FN:8,(anonymous_0)
FN:26,(anonymous_1)
FN:42,(anonymous_2)
FN:59,(anonymous_3)
FN:82,(anonymous_4)
FN:103,(anonymous_5)
FN:114,(anonymous_6)
FN:138,(anonymous_7)
FN:149,(anonymous_8)
FN:164,(anonymous_9)
FNF:10
FNH:3
FNDA:2,(anonymous_0)
FNDA:0,(anonymous_1)
FNDA:0,(anonymous_2)
FNDA:1,(anonymous_3)
FNDA:2,(anonymous_4)
FNDA:0,(anonymous_5)
FNDA:0,(anonymous_6)
FNDA:0,(anonymous_7)
FNDA:0,(anonymous_8)
FNDA:0,(anonymous_9)
DA:1,1
DA:2,1
DA:4,1
DA:8,1
DA:9,2
DA:10,0
DA:12,2
DA:13,2
DA:14,2
DA:15,0
DA:17,2
DA:18,1
DA:20,1
DA:26,1
DA:27,0
DA:28,0
DA:35,0
DA:37,0
DA:42,1
DA:43,0
DA:44,0
DA:47,0
DA:48,0
DA:50,0
DA:52,0
DA:59,1
DA:60,1
DA:61,1
DA:62,1
DA:71,1
DA:72,0
DA:74,1
DA:76,0
DA:82,1
DA:83,2
DA:84,2
DA:85,2
DA:86,2
DA:88,1
DA:95,1
DA:96,0
DA:99,1
DA:105,1
DA:107,0
DA:114,1
DA:115,0
DA:116,0
DA:117,0
DA:118,0
DA:119,0
DA:121,0
DA:133,0
DA:140,0
DA:142,0
DA:149,1
DA:150,0
DA:151,0
DA:152,0
DA:156,0
DA:157,0
DA:160,0
DA:166,0
DA:168,0
DA:172,1
LF:64
LH:31
BRDA:9,0,0,0
BRDA:9,0,1,2
BRDA:14,1,0,0
BRDA:14,1,1,2
BRDA:14,2,0,2
BRDA:14,2,1,2
BRDA:17,3,0,1
BRDA:17,3,1,1
BRDA:47,4,0,0
BRDA:47,4,1,0
BRDA:71,5,0,0
BRDA:71,5,1,1
BRDA:86,6,0,1
BRDA:86,6,1,1
BRDA:95,7,0,0
BRDA:95,7,1,1
BRDA:119,8,0,0
BRDA:119,8,1,0
BRDA:156,9,0,0
BRDA:156,9,1,0
BRF:20
BRH:10
end_of_record
TN:
SF:src\controllers\slotAttendance.controller.js
FN:8,(anonymous_0)
FN:31,(anonymous_1)
FN:54,(anonymous_2)
FN:101,(anonymous_3)
FNF:4
FNH:2
FNDA:1,(anonymous_0)
FNDA:0,(anonymous_1)
FNDA:2,(anonymous_2)
FNDA:0,(anonymous_3)
DA:1,1
DA:2,1
DA:8,1
DA:9,1
DA:10,1
DA:11,1
DA:21,1
DA:23,0
DA:31,1
DA:32,0
DA:33,0
DA:34,0
DA:43,0
DA:45,0
DA:54,1
DA:55,2
DA:56,2
DA:57,2
DA:58,2
DA:60,2
DA:61,0
DA:64,2
DA:65,2
DA:67,2
DA:68,3
DA:90,2
DA:93,1
DA:96,1
DA:103,1
DA:105,1
DA:106,1
DA:108,2
DA:112,1
LF:33
LH:26
BRDA:60,0,0,0
BRDA:60,0,1,2
BRDA:60,1,0,2
BRDA:60,1,1,2
BRDA:85,2,0,3
BRDA:85,2,1,2
BRDA:87,3,0,3
BRDA:87,3,1,3
BRF:8
BRH:7
end_of_record
TN:
SF:src\controllers\timetable.controller.js
FN:16,(anonymous_0)
FN:33,(anonymous_1)
FN:70,(anonymous_2)
FN:83,(anonymous_3)
FN:97,(anonymous_4)
FN:137,(anonymous_5)
FN:154,(anonymous_6)
FN:199,(anonymous_7)
FN:216,(anonymous_8)
FN:228,(anonymous_9)
FNF:10
FNH:5
FNDA:1,(anonymous_0)
FNDA:1,(anonymous_1)
FNDA:0,(anonymous_2)
FNDA:0,(anonymous_3)
FNDA:2,(anonymous_4)
FNDA:0,(anonymous_5)
FNDA:1,(anonymous_6)
FNDA:0,(anonymous_7)
FNDA:1,(anonymous_8)
FNDA:0,(anonymous_9)
DA:1,1
DA:2,1
DA:9,1
DA:16,1
DA:17,1
DA:20,1
DA:33,1
DA:34,1
DA:35,1
DA:36,1
DA:37,1
DA:39,1
DA:40,1
DA:41,1
DA:43,1
DA:44,0
DA:45,0
DA:47,1
DA:48,0
DA:49,0
DA:51,1
DA:52,0
DA:53,0
DA:56,1
DA:57,1
DA:61,1
DA:63,0
DA:70,1
DA:71,0
DA:72,0
DA:76,0
DA:78,0
DA:83,1
DA:84,0
DA:85,0
DA:88,0
DA:89,0
DA:91,0
DA:97,1
DA:98,2
DA:100,2
DA:102,2
DA:103,0
DA:108,2
DA:109,0
DA:113,2
DA:114,0
DA:117,2
DA:124,1
DA:128,1
DA:139,1
DA:141,1
DA:142,1
DA:144,0
DA:145,0
DA:149,0
DA:154,1
DA:155,1
DA:156,1
DA:158,1
DA:160,1
DA:161,0
DA:165,1
DA:166,0
DA:169,1
DA:189,1
DA:191,1
DA:195,1
DA:201,1
DA:203,0
DA:204,0
DA:206,0
DA:207,0
DA:211,0
DA:216,1
DA:217,1
DA:218,1
DA:222,1
DA:224,1
DA:230,1
DA:232,0
DA:236,1
LF:82
LH:52
BRDA:17,0,0,1
BRDA:17,0,1,0
BRDA:39,1,0,1
BRDA:39,1,1,0
BRDA:43,2,0,0
BRDA:43,2,1,1
BRDA:47,3,0,0
BRDA:47,3,1,1
BRDA:51,4,0,0
BRDA:51,4,1,1
BRDA:56,5,0,1
BRDA:56,5,1,0
BRDA:88,6,0,0
BRDA:88,6,1,0
BRDA:102,7,0,0
BRDA:102,7,1,2
BRDA:102,8,0,2
BRDA:102,8,1,2
BRDA:102,8,2,2
BRDA:102,8,3,2
BRDA:102,8,4,2
BRDA:108,9,0,0
BRDA:108,9,1,2
BRDA:108,10,0,2
BRDA:108,10,1,2
BRDA:113,11,0,0
BRDA:113,11,1,2
BRDA:121,12,0,2
BRDA:121,12,1,2
BRDA:141,13,0,1
BRDA:141,13,1,0
BRDA:144,14,0,0
BRDA:144,14,1,0
BRDA:160,15,0,0
BRDA:160,15,1,1
BRDA:160,16,0,1
BRDA:160,16,1,1
BRDA:160,16,2,1
BRDA:165,17,0,0
BRDA:165,17,1,1
BRDA:165,18,0,1
BRDA:165,18,1,0
BRDA:180,19,0,1
BRDA:180,19,1,1
BRDA:181,20,0,1
BRDA:181,20,1,1
BRDA:182,21,0,1
BRDA:182,21,1,1
BRDA:183,22,0,1
BRDA:183,22,1,1
BRDA:184,23,0,1
BRDA:184,23,1,0
BRDA:185,24,0,1
BRDA:185,24,1,1
BRDA:189,25,0,0
BRDA:189,25,1,1
BRDA:203,26,0,0
BRDA:203,26,1,0
BRDA:206,27,0,0
BRDA:206,27,1,0
BRDA:222,28,0,0
BRDA:222,28,1,1
BRF:62
BRH:38
end_of_record
